<?xml version="1.0" encoding="UTF-8"?>
<testng-results ignored="0" total="3" passed="3" failed="0" skipped="0">
  <reporter-output>
  </reporter-output>
  <suite started-at="2024-02-14T11:14:04 IST" name="Suite" finished-at="2024-02-14T11:19:27 IST" duration-ms="322087">
    <groups>
      <group name="cucumber">
        <method signature="AbstractTestNGCucumberTests.runScenario(io.cucumber.testng.PickleWrapper,io.cucumber.testng.FeatureWrapper)[pri:0, instance:com.featuredNews.testRunner.testRun@6f204a1a]" name="runScenario" class="io.cucumber.testng.AbstractTestNGCucumberTests"/>
      </group> <!-- cucumber -->
    </groups>
    <test started-at="2024-02-14T11:14:04 IST" name="Test" finished-at="2024-02-14T11:19:27 IST" duration-ms="322087">
      <class name="com.featuredNews.testRunner.testRun">
        <test-method is-config="true" signature="setUpClass(org.testng.ITestContext)[pri:0, instance:com.featuredNews.testRunner.testRun@6f204a1a]" started-at="2024-02-14T11:14:05 IST" name="setUpClass" finished-at="2024-02-14T11:14:25 IST" duration-ms="19975" status="PASS">
          <params>
            <param index="0">
              <value>
                <![CDATA[org.testng.TestRunner@1e6e29d6]]>
              </value>
            </param>
          </params>
          <reporter-output>
          </reporter-output>
        </test-method> <!-- setUpClass -->
        <test-method signature="runScenario(io.cucumber.testng.PickleWrapper,io.cucumber.testng.FeatureWrapper)[pri:0, instance:com.featuredNews.testRunner.testRun@6f204a1a]" started-at="2024-02-14T11:14:25 IST" name="runScenario" description="Runs Cucumber Scenarios" data-provider="scenarios" finished-at="2024-02-14T11:16:22 IST" duration-ms="117661" status="PASS">
          <params>
            <param index="0">
              <value>
                <![CDATA["Login to be.cognizant portal"]]>
              </value>
            </param>
            <param index="1">
              <value>
                <![CDATA["Featured News Information"]]>
              </value>
            </param>
          </params>
          <reporter-output>
          </reporter-output>
        </test-method> <!-- runScenario -->
        <test-method signature="runScenario(io.cucumber.testng.PickleWrapper,io.cucumber.testng.FeatureWrapper)[pri:0, instance:com.featuredNews.testRunner.testRun@6f204a1a]" started-at="2024-02-14T11:16:22 IST" name="runScenario" description="Runs Cucumber Scenarios" data-provider="scenarios" finished-at="2024-02-14T11:19:17 IST" duration-ms="174313" status="PASS">
          <params>
            <param index="0">
              <value>
                <![CDATA["counting and printing the featured news of Be.cognizant homepage"]]>
              </value>
            </param>
            <param index="1">
              <value>
                <![CDATA["Featured News Information"]]>
              </value>
            </param>
          </params>
          <reporter-output>
          </reporter-output>
        </test-method> <!-- runScenario -->
        <test-method signature="runScenario(io.cucumber.testng.PickleWrapper,io.cucumber.testng.FeatureWrapper)[pri:0, instance:com.featuredNews.testRunner.testRun@6f204a1a]" started-at="2024-02-14T11:19:17 IST" name="runScenario" description="Runs Cucumber Scenarios" data-provider="scenarios" finished-at="2024-02-14T11:19:19 IST" duration-ms="2337" status="PASS">
          <params>
            <param index="0">
              <value>
                <![CDATA["Display Apps and Tools Section on Be.cognizant homepage"]]>
              </value>
            </param>
            <param index="1">
              <value>
                <![CDATA["Featured News Information"]]>
              </value>
            </param>
          </params>
          <reporter-output>
          </reporter-output>
        </test-method> <!-- runScenario -->
        <test-method is-config="true" signature="tearDownClass()[pri:0, instance:com.featuredNews.testRunner.testRun@6f204a1a]" started-at="2024-02-14T11:19:19 IST" name="tearDownClass" finished-at="2024-02-14T11:19:27 IST" duration-ms="7272" status="PASS">
          <reporter-output>
          </reporter-output>
        </test-method> <!-- tearDownClass -->
      </class> <!-- com.featuredNews.testRunner.testRun -->
    </test> <!-- Test -->
  </suite> <!-- Suite -->
</testng-results>
